2026-07-04 07:30:34.788 - === UPDATING EXISTING SITES FOR TUNNEL ===
2026-07-04 07:30:34.790 - Checking site: mynewsite
2026-07-04 07:30:34.791 - Updating wp-config.php for site: mynewsite
2026-07-04 07:30:34.802 - Updated wp-config.php for site: mynewsite
2026-07-04 07:30:34.803 - === FINISHED UPDATING SITES ===
2026-07-04 07:30:37.414 - Stopping tunnel...
2026-07-04 07:30:37.417 - Tunnel stopped
2026-07-04 07:43:44.262 - === UPDATING EXISTING SITES FOR TUNNEL ===
2026-07-04 07:43:44.264 - Checking site: mynewsite
2026-07-04 07:43:44.266 - Site mynewsite already has tunnel fix
2026-07-04 07:43:44.268 - === FINISHED UPDATING SITES ===
2026-07-04 07:43:47.683 - Stopping tunnel...
2026-07-04 07:43:47.686 - Tunnel stopped
2026-07-04 08:06:26.031 - === UPDATING EXISTING SITES FOR TUNNEL ===
2026-07-04 08:06:26.033 - Checking site: mynewsite
2026-07-04 08:06:26.060 - Site mynewsite already has tunnel fix
2026-07-04 08:06:26.061 - === FINISHED UPDATING SITES ===
2026-07-04 08:06:30.671 - Stopping tunnel...
2026-07-04 08:06:30.673 - Tunnel stopped
2026-07-04 08:52:19.040 - === UPDATING EXISTING SITES FOR TUNNEL ===
2026-07-04 08:52:19.042 - Checking site: mynewsite
2026-07-04 08:52:19.044 - Site mynewsite already has tunnel fix
2026-07-04 08:52:19.045 - === FINISHED UPDATING SITES ===
2026-07-04 08:52:21.685 - Stopping tunnel...
2026-07-04 08:52:21.688 - Tunnel stopped
2026-07-04 12:45:04.529 - === UPDATING EXISTING SITES FOR TUNNEL ===
2026-07-04 12:45:04.531 - Checking site: mynewsite
2026-07-04 12:45:04.549 - Site mynewsite already has tunnel fix
2026-07-04 12:45:04.551 - === FINISHED UPDATING SITES ===
2026-07-04 12:51:04.546 - Stopping tunnel...
2026-07-04 12:51:04.548 - Tunnel stopped
2026-07-04 12:51:39.886 - === UPDATING EXISTING SITES FOR TUNNEL ===
2026-07-04 12:51:39.888 - Checking site: mynewsite
2026-07-04 12:51:39.910 - Site mynewsite already has tunnel fix
2026-07-04 12:51:39.911 - === FINISHED UPDATING SITES ===
2026-07-04 12:51:51.537 - Stopping tunnel...
2026-07-04 12:51:51.539 - Tunnel stopped
2026-07-04 13:01:03.754 - Stopping tunnel...
2026-07-04 13:01:03.757 - Tunnel stopped
2026-07-04 13:06:14.233 - Stopping tunnel...
2026-07-04 13:06:14.235 - Tunnel stopped
2026-07-04 13:17:03.509 - Stopping tunnel...
2026-07-04 13:17:03.511 - Tunnel stopped
2026-07-04 13:40:06.896 - Stopping tunnel...
2026-07-04 13:40:06.898 - Tunnel stopped
2026-07-04 13:51:22.151 - Stopping tunnel...
2026-07-04 13:51:22.154 - Tunnel stopped
2026-07-04 19:21:48.880 - Stopping tunnel...
2026-07-04 19:21:48.883 - Tunnel stopped
2026-07-04 20:15:37.709 - Stopping tunnel...
2026-07-04 20:15:37.712 - Tunnel stopped
2026-07-06 09:16:40.731 - Stopping tunnel...
2026-07-06 09:16:40.734 - Tunnel stopped
2026-07-06 15:49:42.211 - Stopping tunnel...
2026-07-06 15:49:42.214 - Tunnel stopped
2026-07-06 16:37:16.941 - Stopping tunnel...
2026-07-06 16:37:16.943 - Tunnel stopped
2026-07-07 13:14:26.361 - Stopping tunnel...
2026-07-07 13:14:26.370 - Tunnel stopped
2026-07-07 13:18:08.359 - Stopping tunnel...
2026-07-07 13:18:08.365 - Tunnel stopped
2026-07-07 13:18:27.191 - Stopping tunnel...
2026-07-07 13:18:27.197 - Tunnel stopped
2026-07-07 13:18:53.310 - Stopping tunnel...
2026-07-07 13:18:53.312 - Tunnel stopped
2026-07-07 13:19:11.926 - Stopping tunnel...
2026-07-07 13:19:11.930 - Tunnel stopped
2026-07-07 13:19:28.720 - Stopping tunnel...
2026-07-07 13:19:28.725 - Tunnel stopped
2026-07-07 13:19:41.503 - Stopping tunnel...
2026-07-07 13:19:41.509 - Tunnel stopped
2026-07-07 13:19:55.488 - Stopping tunnel...
2026-07-07 13:19:55.494 - Tunnel stopped
2026-07-07 13:20:48.334 - Stopping tunnel...
2026-07-07 13:20:48.338 - Tunnel stopped
2026-07-07 13:21:59.830 - Stopping tunnel...
2026-07-07 13:21:59.835 - Tunnel stopped
2026-07-07 13:23:37.821 - Stopping tunnel...
2026-07-07 13:23:37.823 - Tunnel stopped
2026-07-07 13:23:54.591 - Stopping tunnel...
2026-07-07 13:23:54.596 - Tunnel stopped
2026-07-07 13:24:12.311 - Stopping tunnel...
2026-07-07 13:24:12.315 - Tunnel stopped
2026-07-07 13:24:43.405 - Stopping tunnel...
2026-07-07 13:24:43.407 - Tunnel stopped
2026-07-07 13:24:57.366 - Stopping tunnel...
2026-07-07 13:24:57.372 - Tunnel stopped
2026-07-07 13:26:22.198 - Stopping tunnel...
2026-07-07 13:26:22.199 - Tunnel stopped
2026-07-07 13:27:02.942 - Stopping tunnel...
2026-07-07 13:27:02.945 - Tunnel stopped
2026-07-07 13:27:55.462 - Stopping tunnel...
2026-07-07 13:27:55.468 - Tunnel stopped
2026-07-07 13:28:08.838 - Stopping tunnel...
2026-07-07 13:28:08.843 - Tunnel stopped
2026-07-07 13:28:38.150 - Stopping tunnel...
2026-07-07 13:28:38.154 - Tunnel stopped
2026-07-07 13:28:56.998 - Stopping tunnel...
2026-07-07 13:28:57.002 - Tunnel stopped
2026-07-07 13:29:10.238 - Stopping tunnel...
2026-07-07 13:29:10.243 - Tunnel stopped
2026-07-07 13:29:37.748 - Stopping tunnel...
2026-07-07 13:29:37.752 - Tunnel stopped
2026-07-07 13:29:51.310 - Stopping tunnel...
2026-07-07 13:29:51.315 - Tunnel stopped
2026-07-07 13:30:02.484 - Stopping tunnel...
2026-07-07 13:30:02.489 - Tunnel stopped
2026-07-07 13:30:15.788 - Stopping tunnel...
2026-07-07 13:30:15.793 - Tunnel stopped
2026-07-07 13:30:27.141 - Stopping tunnel...
2026-07-07 13:30:27.146 - Tunnel stopped
2026-07-07 13:30:38.765 - Stopping tunnel...
2026-07-07 13:30:38.770 - Tunnel stopped
2026-07-07 13:31:59.099 - Stopping tunnel...
2026-07-07 13:31:59.100 - Tunnel stopped
2026-07-07 13:32:48.716 - Stopping tunnel...
2026-07-07 13:32:48.718 - Tunnel stopped
2026-07-07 13:34:20.517 - Stopping tunnel...
2026-07-07 13:34:20.519 - Tunnel stopped
2026-07-07 13:35:48.020 - Stopping tunnel...
2026-07-07 13:35:48.022 - Tunnel stopped
2026-07-07 13:36:04.621 - Stopping tunnel...
2026-07-07 13:36:04.626 - Tunnel stopped
2026-07-07 13:38:45.915 - Stopping tunnel...
2026-07-07 13:38:45.917 - Tunnel stopped
2026-07-07 13:39:10.899 - Stopping tunnel...
2026-07-07 13:39:10.901 - Tunnel stopped
2026-07-07 13:40:54.875 - Stopping tunnel...
2026-07-07 13:40:54.877 - Tunnel stopped
2026-07-07 13:42:13.587 - Stopping tunnel...
2026-07-07 13:42:13.588 - Tunnel stopped
2026-07-07 13:43:15.755 - Stopping tunnel...
2026-07-07 13:43:15.756 - Tunnel stopped
2026-07-07 13:44:02.491 - Stopping tunnel...
2026-07-07 13:44:02.497 - Tunnel stopped
2026-07-07 13:49:50.146 - Stopping tunnel...
2026-07-07 13:49:50.147 - Tunnel stopped
2026-07-07 13:50:00.634 - Stopping tunnel...
2026-07-07 13:50:00.639 - Tunnel stopped
2026-07-07 13:50:56.922 - Stopping tunnel...
2026-07-07 13:50:56.927 - Tunnel stopped
2026-07-07 13:52:56.609 - Stopping tunnel...
2026-07-07 13:52:56.611 - Tunnel stopped
2026-07-07 13:54:14.193 - Stopping tunnel...
2026-07-07 13:54:14.198 - Tunnel stopped
2026-07-07 14:01:41.879 - Stopping tunnel...
2026-07-07 14:01:41.884 - Tunnel stopped
2026-07-07 14:03:52.559 - Stopping tunnel...
2026-07-07 14:03:52.565 - Tunnel stopped
2026-07-07 14:04:16.032 - Stopping tunnel...
2026-07-07 14:04:16.037 - Tunnel stopped
2026-07-07 14:04:33.303 - Stopping tunnel...
2026-07-07 14:04:33.309 - Tunnel stopped
2026-07-07 14:04:46.455 - Stopping tunnel...
2026-07-07 14:04:46.461 - Tunnel stopped
2026-07-07 14:04:59.767 - Stopping tunnel...
2026-07-07 14:04:59.772 - Tunnel stopped
2026-07-07 14:05:19.286 - Stopping tunnel...
2026-07-07 14:05:19.291 - Tunnel stopped
2026-07-07 14:06:06.847 - Stopping tunnel...
2026-07-07 14:06:06.852 - Tunnel stopped
2026-07-07 14:07:30.022 - Stopping tunnel...
2026-07-07 14:07:30.024 - Tunnel stopped
2026-07-07 14:29:55.492 - Stopping tunnel...
2026-07-07 14:29:55.494 - Tunnel stopped
2026-07-07 14:30:29.115 - Stopping tunnel...
2026-07-07 14:30:29.117 - Tunnel stopped
2026-07-07 14:41:41.496 - Stopping tunnel...
2026-07-07 14:41:41.500 - Tunnel stopped
2026-07-07 15:08:35.363 - Stopping tunnel...
2026-07-07 15:08:35.365 - Tunnel stopped
2026-07-07 15:31:49.630 - Stopping tunnel...
2026-07-07 15:31:49.631 - Tunnel stopped
2026-07-07 15:33:50.734 - Stopping tunnel...
2026-07-07 15:33:50.735 - Tunnel stopped
2026-07-07 15:35:55.839 - Stopping tunnel...
2026-07-07 15:35:55.844 - Tunnel stopped
2026-07-07 15:36:44.056 - Stopping tunnel...
2026-07-07 15:36:44.058 - Tunnel stopped
2026-07-07 15:37:11.127 - Stopping tunnel...
2026-07-07 15:37:11.132 - Tunnel stopped
2026-07-07 15:37:44.118 - Stopping tunnel...
2026-07-07 15:37:44.120 - Tunnel stopped
2026-07-07 15:39:15.958 - Stopping tunnel...
2026-07-07 15:39:15.959 - Tunnel stopped
2026-07-07 15:39:46.182 - Stopping tunnel...
2026-07-07 15:39:46.187 - Tunnel stopped
2026-07-07 15:40:45.446 - Stopping tunnel...
2026-07-07 15:40:45.447 - Tunnel stopped
2026-07-07 15:41:15.014 - Stopping tunnel...
2026-07-07 15:41:15.019 - Tunnel stopped
2026-07-07 15:42:49.238 - Stopping tunnel...
2026-07-07 15:42:49.244 - Tunnel stopped
2026-07-07 15:46:52.493 - Stopping tunnel...
2026-07-07 15:46:52.498 - Tunnel stopped
2026-07-07 15:48:35.997 - Stopping tunnel...
2026-07-07 15:48:36.002 - Tunnel stopped
2026-07-07 15:49:11.156 - Stopping tunnel...
2026-07-07 15:49:11.161 - Tunnel stopped
2026-07-07 15:51:15.012 - Stopping tunnel...
2026-07-07 15:51:15.014 - Tunnel stopped
2026-07-07 15:52:40.933 - Stopping tunnel...
2026-07-07 15:52:40.935 - Tunnel stopped
2026-07-07 15:54:30.717 - Stopping tunnel...
2026-07-07 15:54:30.721 - Tunnel stopped
2026-07-07 16:08:44.561 - Stopping tunnel...
2026-07-07 16:08:44.562 - Tunnel stopped
2026-07-07 17:56:59.298 - Stopping tunnel...
2026-07-07 17:56:59.301 - Tunnel stopped
2026-07-07 18:25:58.123 - Stopping tunnel...
2026-07-07 18:25:58.127 - Tunnel stopped
2026-07-09 11:24:33.826 - Stopping tunnel...
2026-07-09 11:24:33.829 - Tunnel stopped
2026-07-09 11:26:43.090 - Stopping tunnel...
2026-07-09 11:26:43.091 - Tunnel stopped
2026-07-09 11:35:48.776 - Stopping tunnel...
2026-07-09 11:35:48.782 - Tunnel stopped
2026-07-09 11:41:04.975 - Stopping tunnel...
2026-07-09 11:41:04.980 - Tunnel stopped
2026-07-09 11:55:38.499 - Stopping tunnel...
2026-07-09 11:55:38.500 - Tunnel stopped
2026-07-09 12:01:28.012 - Stopping tunnel...
2026-07-09 12:01:28.017 - Tunnel stopped
2026-07-09 12:02:41.659 - Stopping tunnel...
2026-07-09 12:02:41.664 - Tunnel stopped
2026-07-09 12:09:55.017 - Stopping tunnel...
2026-07-09 12:09:55.023 - Tunnel stopped
2026-07-09 12:11:48.018 - Stopping tunnel...
2026-07-09 12:11:48.023 - Tunnel stopped
2026-07-09 12:30:41.486 - Stopping tunnel...
2026-07-09 12:30:41.491 - Tunnel stopped
2026-07-09 12:33:28.517 - Stopping tunnel...
2026-07-09 12:33:28.522 - Tunnel stopped
2026-07-09 12:54:17.452 - Stopping tunnel...
2026-07-09 12:54:17.458 - Tunnel stopped
2026-07-09 12:56:39.545 - Stopping tunnel...
2026-07-09 12:56:39.551 - Tunnel stopped
2026-07-09 13:05:32.791 - Stopping tunnel...
2026-07-09 13:05:32.796 - Tunnel stopped
2026-07-09 13:08:44.625 - Stopping tunnel...
2026-07-09 13:08:44.631 - Tunnel stopped
2026-07-09 13:09:31.663 - Stopping tunnel...
2026-07-09 13:09:31.668 - Tunnel stopped
2026-07-09 13:11:11.638 - Stopping tunnel...
2026-07-09 13:11:11.643 - Tunnel stopped
2026-07-09 13:11:45.926 - Stopping tunnel...
2026-07-09 13:11:45.931 - Tunnel stopped
2026-07-09 13:14:47.989 - Stopping tunnel...
2026-07-09 13:14:47.990 - Tunnel stopped
2026-07-09 13:23:21.341 - Stopping tunnel...
2026-07-09 13:23:21.346 - Tunnel stopped
2026-07-09 16:15:25.797 - Stopping tunnel...
2026-07-09 16:15:25.806 - Tunnel stopped
2026-07-09 16:15:57.501 - Stopping tunnel...
2026-07-09 16:15:57.507 - Tunnel stopped
2026-07-09 16:17:59.781 - Stopping tunnel...
2026-07-09 16:17:59.786 - Tunnel stopped
2026-07-09 16:18:15.093 - Stopping tunnel...
2026-07-09 16:18:15.100 - Tunnel stopped
2026-07-09 16:19:19.788 - Stopping tunnel...
2026-07-09 16:19:19.792 - Tunnel stopped
2026-07-09 16:21:33.627 - Stopping tunnel...
2026-07-09 16:21:33.629 - Tunnel stopped
2026-07-09 16:27:17.579 - Stopping tunnel...
2026-07-09 16:27:17.580 - Tunnel stopped
2026-07-09 16:27:37.691 - Stopping tunnel...
2026-07-09 16:27:37.695 - Tunnel stopped
2026-07-09 16:28:32.163 - Stopping tunnel...
2026-07-09 16:28:32.168 - Tunnel stopped
2026-07-09 16:32:00.866 - Stopping tunnel...
2026-07-09 16:32:00.872 - Tunnel stopped
2026-07-09 16:41:19.585 - Stopping tunnel...
2026-07-09 16:41:19.591 - Tunnel stopped
2026-07-09 16:41:50.688 - Stopping tunnel...
2026-07-09 16:41:50.694 - Tunnel stopped
