2026-05-29 18:08:54 - ⚠️ Warning: Template folder doesn't look like a valid WordPress installation
2026-05-29 18:08:54 - ⚠️ Port 80 is busy, using alternative ports: 8080 and 8081
2026-05-29 18:08:56 - Stopping services...
2026-05-29 18:08:56 - ✓ Stopped nginx
2026-05-29 18:08:56 - ✓ Stopped nginx
2026-05-29 18:08:56 - ✓ Stopped php-cgi
2026-05-29 18:08:56 - ✓ Stopped mysqld
2026-05-29 18:08:56 - ⏹️ All services stopped
2026-05-29 18:35:18 - ⚠️ Warning: Template folder doesn't look like a valid WordPress installation
2026-05-29 18:35:18 - ⚠️ Port 80 is busy, using alternative ports: 8080 and 8081
2026-05-29 18:35:25 - Stopping services...
2026-05-29 18:35:25 - ✓ Stopped nginx
2026-05-29 18:35:25 - ✓ Stopped nginx
2026-05-29 18:35:25 - ✓ Stopped php-cgi
2026-05-29 18:35:25 - ✓ Stopped mysqld
2026-05-29 18:35:25 - ⏹️ All services stopped
2026-05-29 18:35:42 - ⚠️ Warning: Template folder doesn't look like a valid WordPress installation
2026-05-29 18:36:04 - ⚠️ Warning: Template folder doesn't look like a valid WordPress installation
2026-05-30 12:55:24 - ⚠️ Warning: Template folder doesn't look like a valid WordPress installation
2026-05-30 12:55:39 - 🎨 Theme changed to: Dark
2026-05-30 12:55:41 - 🎨 Theme changed to: System
2026-05-30 12:55:42 - 🎨 Theme changed to: Light
2026-05-30 12:55:43 - 🎨 Theme changed to: Dark
2026-05-30 12:55:43 - 🎨 Theme changed to: System
2026-05-30 13:02:19 - ⚠️ Warning: Template folder doesn't look like a valid WordPress installation
2026-05-30 13:03:50 - ⚠️ Warning: Template folder doesn't look like a valid WordPress installation
2026-05-30 13:03:54 - PHP version set to 8.5 (will be used on next start)
2026-05-30 13:03:58 - PHP version set to 8.3 (will be used on next start)
2026-05-30 13:15:23 - ⚠️ Warning: Template folder doesn't look like a valid WordPress installation
2026-05-30 13:15:40 - PHP version set to 8.5 (will be used on next start)
2026-05-30 13:15:44 - PHP version set to 8.3 (will be used on next start)
2026-05-30 13:15:57 - ⚠️ Warning: Template folder doesn't look like a valid WordPress installation
2026-05-30 13:16:05 - PHP version set to 8.5 (will be used on next start)
2026-05-30 13:16:13 - Stopping services...
2026-05-30 13:16:13 - ⏹️ All services stopped
2026-05-30 13:16:14 - ❌ Missing: C:\WPronto\src\WPLaunchGUI\bin\Debug\net8.0-windows\core\nginx\nginx.exe
2026-05-30 13:16:14 - ❌ Missing: C:\WPronto\src\WPLaunchGUI\bin\Debug\net8.0-windows\core\php\php85\php-cgi.exe
2026-05-30 13:16:14 - ❌ Missing: C:\WPronto\src\WPLaunchGUI\bin\Debug\net8.0-windows\core\mysql\bin\mysqld.exe
2026-05-30 13:16:14 - ❌ Required files missing. Please check installation.
2026-05-30 13:16:23 - Stopping services...
2026-05-30 13:16:23 - ⏹️ All services stopped
2026-05-30 13:16:24 - ❌ Missing: C:\WPronto\src\WPLaunchGUI\bin\Debug\net8.0-windows\core\nginx\nginx.exe
2026-05-30 13:16:24 - ❌ Missing: C:\WPronto\src\WPLaunchGUI\bin\Debug\net8.0-windows\core\php\php85\php-cgi.exe
2026-05-30 13:16:24 - ❌ Missing: C:\WPronto\src\WPLaunchGUI\bin\Debug\net8.0-windows\core\mysql\bin\mysqld.exe
2026-05-30 13:16:24 - ❌ Required files missing. Please check installation.
2026-05-30 13:17:54 - ⚠️ Warning: Template folder doesn't look like a valid WordPress installation
2026-05-30 13:18:36 - ⚠️ Warning: Template folder doesn't look like a valid WordPress installation
2026-05-30 13:18:59 - ⚠️ Warning: Template folder doesn't look like a valid WordPress installation
2026-05-30 13:26:09 - ⚠️ Warning: Template folder doesn't look like a valid WordPress installation
2026-05-30 13:26:28 - ⚠️ Warning: Template folder doesn't look like a valid WordPress installation
2026-05-30 13:26:54 - ⚠️ Warning: Template folder doesn't look like a valid WordPress installation
2026-05-30 13:27:18 - ⚠️ Warning: Template folder doesn't look like a valid WordPress installation
2026-05-30 13:27:29 - ⚠️ Warning: Template folder doesn't look like a valid WordPress installation
2026-05-30 13:28:03 - ⚠️ Warning: Template folder doesn't look like a valid WordPress installation
2026-05-30 13:28:35 - ⚠️ Warning: Template folder doesn't look like a valid WordPress installation
2026-05-31 11:19:35 - ⚠️ Warning: Template folder doesn't look like a valid WordPress installation
2026-05-31 11:20:27 - ⚠️ Warning: Template folder doesn't look like a valid WordPress installation
2026-05-31 11:21:07 - ⚠️ Warning: Template folder doesn't look like a valid WordPress installation
2026-05-31 11:21:28 - ⚠️ Warning: Template folder doesn't look like a valid WordPress installation
2026-05-31 11:21:47 - PHP version set to 8.3 (will be used on next start)
2026-05-31 11:21:49 - PHP version set to 8.5 (will be used on next start)
